Vivado Simulator 2018.3
Time resolution is 1 ps
Xilinx AXI4STREAM VIP Found at Path: tb_sim1.DUT.bd_axis_tanh_i.axi4stream_vip_0.inst
Xilinx AXI4STREAM VIP Found at Path: tb_sim1.DUT.bd_axis_tanh_i.axi4stream_vip_1.inst
Simulation Setup
Holding Reset
INFO: [Master VIP_monitor] (axi4stream_vip_pkg.axi4stream_monitor(C_XIL_AXI4STREAM_DEST_WIDTH=0,C_XIL_AXI4STREAM_DATA_WIDTH=32,C_XIL_AXI4STREAM_ID_WIDTH=0,C_XIL_AXI4STREAM_HAS_ARESETN=1)::run_phase.Block2118_1.ACTIVE) 410000.0 ps : run()
INFO: [Master VIP_driver] (axi4stream_vip_pkg.axi4stream_mst_driver(C_XIL_AXI4STREAM_DEST_WIDTH=0,C_XIL_AXI4STREAM_DATA_WIDTH=32,C_XIL_AXI4STREAM_ID_WIDTH=0,C_XIL_AXI4STREAM_HAS_ARESETN=1)::run_phase.Block2712_14.ACTIVE) 410000.0 ps : run()
INFO: [Slave VIP_monitor] (axi4stream_vip_pkg.axi4stream_monitor(C_XIL_AXI4STREAM_SIGNAL_SET=8'b011011,C_XIL_AXI4STREAM_DEST_WIDTH=0,C_XIL_AXI4STREAM_DATA_WIDTH=32,C_XIL_AXI4STREAM_ID_WIDTH=0,C_XIL_AXI4STREAM_HAS_ARESETN=1)::run_phase.Block2118_8.ACTIVE) 410000.0 ps : run()
INFO: [Slave VIP_driver] (axi4stream_vip_pkg.axi4stream_slv_driver(C_XIL_AXI4STREAM_SIGNAL_SET=8'b011011,C_XIL_AXI4STREAM_DEST_WIDTH=0,C_XIL_AXI4STREAM_DATA_WIDTH=32,C_XIL_AXI4STREAM_ID_WIDTH=0,C_XIL_AXI4STREAM_HAS_ARESETN=1)::run_phase.Block2962_24.ACTIVE) 410000.0 ps : run()
INFO: [Slave VIP_driver] (axi4stream_vip_pkg.axi4stream_slv_driver(C_XIL_AXI4STREAM_SIGNAL_SET=8'b011011,C_XIL_AXI4STREAM_DEST_WIDTH=0,C_XIL_AXI4STREAM_DATA_WIDTH=32,C_XIL_AXI4STREAM_ID_WIDTH=0,C_XIL_AXI4STREAM_HAS_ARESETN=1)::get_next_ready_item.GNI) 410000.0 ps : get_next_ready_gen:
INFO: [Slave VIP_driver] (axi4stream_vip_pkg.axi4stream_slv_driver(C_XIL_AXI4STREAM_SIGNAL_SET=8'b011011,C_XIL_AXI4STREAM_DEST_WIDTH=0,C_XIL_AXI4STREAM_DATA_WIDTH=32,C_XIL_AXI4STREAM_ID_WIDTH=0,C_XIL_AXI4STREAM_HAS_ARESETN=1)::get_next_ready_item.GNI) 410000.0 ps : 
-------------------------------------------------------
NAME                               VALUE
-------------------------------------------------------
Ready_gen               
  Policy                   XIL_AXI4STREAM_READY_GEN_NO_BACKPRESSURE
  Use Variable Ranges        XIL_AXI4STREAM_FALSE
  Max Low Time                        0
  Min Low Time                        0
  Max High Time                       1
  Min High Time                       1
  Max Event Count                     1
  Min Event Count                     1
  Event Cycle Count Reset          2000
  Low Time                            0
  High Time                           1
  Event Count                         1
-------------------------------------------------------
INFO: [Slave VIP_driver] (axi4stream_vip_pkg.axi4stream_slv_driver(C_XIL_AXI4STREAM_SIGNAL_SET=8'b011011,C_XIL_AXI4STREAM_DEST_WIDTH=0,C_XIL_AXI4STREAM_DATA_WIDTH=32,C_XIL_AXI4STREAM_ID_WIDTH=0,C_XIL_AXI4STREAM_HAS_ARESETN=1)::ready_policy_generation.READY_POLICY_GENERATION) 430000.0 ps : Changing ready_gen policy:
INFO: [Slave VIP_driver] (axi4stream_vip_pkg.axi4stream_slv_driver(C_XIL_AXI4STREAM_SIGNAL_SET=8'b011011,C_XIL_AXI4STREAM_DEST_WIDTH=0,C_XIL_AXI4STREAM_DATA_WIDTH=32,C_XIL_AXI4STREAM_ID_WIDTH=0,C_XIL_AXI4STREAM_HAS_ARESETN=1)::ready_policy_generation.READY_POLICY_GENERATION) 430000.0 ps : 
-------------------------------------------------------
NAME                               VALUE
-------------------------------------------------------
Ready_gen               
  Policy                   XIL_AXI4STREAM_READY_GEN_NO_BACKPRESSURE
  Use Variable Ranges        XIL_AXI4STREAM_FALSE
  Max Low Time                        0
  Min Low Time                        0
  Max High Time                       1
  Min High Time                       1
  Max Event Count                     1
  Min Event Count                     1
  Event Cycle Count Reset          2000
  Low Time                            0
  High Time                           1
  Event Count                         1
-------------------------------------------------------
INFO: [Slave VIP_driver] (axi4stream_vip_pkg.axi4stream_slv_driver(C_XIL_AXI4STREAM_SIGNAL_SET=8'b011011,C_XIL_AXI4STREAM_DEST_WIDTH=0,C_XIL_AXI4STREAM_DATA_WIDTH=32,C_XIL_AXI4STREAM_ID_WIDTH=0,C_XIL_AXI4STREAM_HAS_ARESETN=1)::ready_policy_generation.READY_POLICY_GENERATION) 430000.0 ps : get_low_time   0
Starting Simulation
Writing Data: 3f99999a
INFO: [Master VIP_driver] (axi4stream_vip_pkg.axi4stream_mst_driver(C_XIL_AXI4STREAM_DEST_WIDTH=0,C_XIL_AXI4STREAM_DATA_WIDTH=32,C_XIL_AXI4STREAM_ID_WIDTH=0,C_XIL_AXI4STREAM_HAS_ARESETN=1)::get_and_drive.GET_AND_DRIVE.DRIVER_PUT_TRANSACTION) 630001.0 ps : Put transaction:
INFO: [Master VIP_driver] (axi4stream_vip_pkg.axi4stream_mst_driver(C_XIL_AXI4STREAM_DEST_WIDTH=0,C_XIL_AXI4STREAM_DATA_WIDTH=32,C_XIL_AXI4STREAM_ID_WIDTH=0,C_XIL_AXI4STREAM_HAS_ARESETN=1)::get_and_drive.GET_AND_DRIVE.DRIVER_PUT_TRANSACTION) 630001.0 ps : -------------------------------------------------------
NAME                               VALUE
-------------------------------------------------------
XIL_AXI4STREAM_TRANSACTION
  SIGNAL_SET                     0b00000011
  PAYLOAD                        4
    Byte[  0]:                   data: 9a 
    Byte[  1]:                   data: 99 
    Byte[  2]:                   data: 99 
    Byte[  3]:                   data: 3f 
-------------------------------------------------------
INFO: [Master VIP_driver] (axi4stream_vip_pkg.axi4stream_mst_driver(C_XIL_AXI4STREAM_DEST_WIDTH=0,C_XIL_AXI4STREAM_DATA_WIDTH=32,C_XIL_AXI4STREAM_ID_WIDTH=0,C_XIL_AXI4STREAM_HAS_ARESETN=1)::get_and_drive.GET_AND_DRIVE) 650000.0 ps : Backpressure detected:   1 cycles
INFO: [Master VIP_monitor] (axi4stream_vip_pkg.axi4stream_monitor(C_XIL_AXI4STREAM_DEST_WIDTH=0,C_XIL_AXI4STREAM_DATA_WIDTH=32,C_XIL_AXI4STREAM_ID_WIDTH=0,C_XIL_AXI4STREAM_HAS_ARESETN=1)::watch_and_write.WRITE_TRANS) 650001.0 ps : Sent to scoreboard!
-------------------------------------------------------
NAME                               VALUE
-------------------------------------------------------
XIL_AXI4STREAM_TRANSACTION
  SIGNAL_SET                     0b00000011
  PAYLOAD                        4
    Byte[  0]:                   data: 9a 
    Byte[  1]:                   data: 99 
    Byte[  2]:                   data: 99 
    Byte[  3]:                   data: 3f 
-------------------------------------------------------
INFO: [Slave VIP_driver] (axi4stream_vip_pkg.axi4stream_slv_driver(C_XIL_AXI4STREAM_SIGNAL_SET=8'b011011,C_XIL_AXI4STREAM_DEST_WIDTH=0,C_XIL_AXI4STREAM_DATA_WIDTH=32,C_XIL_AXI4STREAM_ID_WIDTH=0,C_XIL_AXI4STREAM_HAS_ARESETN=1)::ready_policy_generation.READY_POLICY_GENERATION) 790001.0 ps : get_low_time   0
INFO: [Slave VIP_monitor] (axi4stream_vip_pkg.axi4stream_monitor(C_XIL_AXI4STREAM_SIGNAL_SET=8'b011011,C_XIL_AXI4STREAM_DEST_WIDTH=0,C_XIL_AXI4STREAM_DATA_WIDTH=32,C_XIL_AXI4STREAM_ID_WIDTH=0,C_XIL_AXI4STREAM_HAS_ARESETN=1)::watch_and_write.WRITE_TRANS) 790001.0 ps : Sent to scoreboard!
-------------------------------------------------------
NAME                               VALUE
-------------------------------------------------------
XIL_AXI4STREAM_TRANSACTION
  SIGNAL_SET                     0b00011011
  LAST                           0x0
  PAYLOAD                        4
    Byte[  0]:                   data: 55  keep: 1 
    Byte[  1]:                   data: df  keep: 1 
    Byte[  2]:                   data: 51  keep: 1 
    Byte[  3]:                   data: 3f  keep: 1 
-------------------------------------------------------
Read Data: 3f51df55
Writing Data: c0066666
INFO: [Master VIP_driver] (axi4stream_vip_pkg.axi4stream_mst_driver(C_XIL_AXI4STREAM_DEST_WIDTH=0,C_XIL_AXI4STREAM_DATA_WIDTH=32,C_XIL_AXI4STREAM_ID_WIDTH=0,C_XIL_AXI4STREAM_HAS_ARESETN=1)::get_and_drive.GET_AND_DRIVE.DRIVER_PUT_TRANSACTION) 830001.0 ps : Put transaction:
INFO: [Master VIP_driver] (axi4stream_vip_pkg.axi4stream_mst_driver(C_XIL_AXI4STREAM_DEST_WIDTH=0,C_XIL_AXI4STREAM_DATA_WIDTH=32,C_XIL_AXI4STREAM_ID_WIDTH=0,C_XIL_AXI4STREAM_HAS_ARESETN=1)::get_and_drive.GET_AND_DRIVE.DRIVER_PUT_TRANSACTION) 830001.0 ps : -------------------------------------------------------
NAME                               VALUE
-------------------------------------------------------
XIL_AXI4STREAM_TRANSACTION
  SIGNAL_SET                     0b00000011
  PAYLOAD                        4
    Byte[  0]:                   data: 66 
    Byte[  1]:                   data: 66 
    Byte[  2]:                   data: 06 
    Byte[  3]:                   data: c0 
-------------------------------------------------------
INFO: [Master VIP_driver] (axi4stream_vip_pkg.axi4stream_mst_driver(C_XIL_AXI4STREAM_DEST_WIDTH=0,C_XIL_AXI4STREAM_DATA_WIDTH=32,C_XIL_AXI4STREAM_ID_WIDTH=0,C_XIL_AXI4STREAM_HAS_ARESETN=1)::get_and_drive.GET_AND_DRIVE) 850000.0 ps : Backpressure detected:   1 cycles
INFO: [Master VIP_monitor] (axi4stream_vip_pkg.axi4stream_monitor(C_XIL_AXI4STREAM_DEST_WIDTH=0,C_XIL_AXI4STREAM_DATA_WIDTH=32,C_XIL_AXI4STREAM_ID_WIDTH=0,C_XIL_AXI4STREAM_HAS_ARESETN=1)::watch_and_write.WRITE_TRANS) 850001.0 ps : Sent to scoreboard!
-------------------------------------------------------
NAME                               VALUE
-------------------------------------------------------
XIL_AXI4STREAM_TRANSACTION
  SIGNAL_SET                     0b00000011
  PAYLOAD                        4
    Byte[  0]:                   data: 66 
    Byte[  1]:                   data: 66 
    Byte[  2]:                   data: 06 
    Byte[  3]:                   data: c0 
-------------------------------------------------------
INFO: [Slave VIP_driver] (axi4stream_vip_pkg.axi4stream_slv_driver(C_XIL_AXI4STREAM_SIGNAL_SET=8'b011011,C_XIL_AXI4STREAM_DEST_WIDTH=0,C_XIL_AXI4STREAM_DATA_WIDTH=32,C_XIL_AXI4STREAM_ID_WIDTH=0,C_XIL_AXI4STREAM_HAS_ARESETN=1)::ready_policy_generation.READY_POLICY_GENERATION) 990001.0 ps : get_low_time   0
INFO: [Slave VIP_monitor] (axi4stream_vip_pkg.axi4stream_monitor(C_XIL_AXI4STREAM_SIGNAL_SET=8'b011011,C_XIL_AXI4STREAM_DEST_WIDTH=0,C_XIL_AXI4STREAM_DATA_WIDTH=32,C_XIL_AXI4STREAM_ID_WIDTH=0,C_XIL_AXI4STREAM_HAS_ARESETN=1)::watch_and_write.WRITE_TRANS) 990001.0 ps : Sent to scoreboard!
-------------------------------------------------------
NAME                               VALUE
-------------------------------------------------------
XIL_AXI4STREAM_TRANSACTION
  SIGNAL_SET                     0b00011011
  LAST                           0x0
  PAYLOAD                        4
    Byte[  0]:                   data: 60  keep: 1 
    Byte[  1]:                   data: 35  keep: 1 
    Byte[  2]:                   data: 76  keep: 1 
    Byte[  3]:                   data: bf  keep: 1 
-------------------------------------------------------
Read Data: bf763560
Writing Data: c1800000 (-16.0000)
INFO: [Master VIP_driver] (axi4stream_vip_pkg.axi4stream_mst_driver(C_XIL_AXI4STREAM_DEST_WIDTH=0,C_XIL_AXI4STREAM_DATA_WIDTH=32,C_XIL_AXI4STREAM_ID_WIDTH=0,C_XIL_AXI4STREAM_HAS_ARESETN=1)::get_and_drive.GET_AND_DRIVE.DRIVER_PUT_TRANSACTION) 1310001.0 ps : Put transaction:
INFO: [Master VIP_driver] (axi4stream_vip_pkg.axi4stream_mst_driver(C_XIL_AXI4STREAM_DEST_WIDTH=0,C_XIL_AXI4STREAM_DATA_WIDTH=32,C_XIL_AXI4STREAM_ID_WIDTH=0,C_XIL_AXI4STREAM_HAS_ARESETN=1)::get_and_drive.GET_AND_DRIVE.DRIVER_PUT_TRANSACTION) 1310001.0 ps : -------------------------------------------------------
NAME                               VALUE
-------------------------------------------------------
XIL_AXI4STREAM_TRANSACTION
  SIGNAL_SET                     0b00000011
  PAYLOAD                        4
    Byte[  0]:                   data: 00 
    Byte[  1]:                   data: 00 
    Byte[  2]:                   data: 80 
    Byte[  3]:                   data: c1 
-------------------------------------------------------
INFO: [Master VIP_driver] (axi4stream_vip_pkg.axi4stream_mst_driver(C_XIL_AXI4STREAM_DEST_WIDTH=0,C_XIL_AXI4STREAM_DATA_WIDTH=32,C_XIL_AXI4STREAM_ID_WIDTH=0,C_XIL_AXI4STREAM_HAS_ARESETN=1)::get_and_drive.GET_AND_DRIVE) 1330000.0 ps : Backpressure detected:   1 cycles
INFO: [Master VIP_monitor] (axi4stream_vip_pkg.axi4stream_monitor(C_XIL_AXI4STREAM_DEST_WIDTH=0,C_XIL_AXI4STREAM_DATA_WIDTH=32,C_XIL_AXI4STREAM_ID_WIDTH=0,C_XIL_AXI4STREAM_HAS_ARESETN=1)::watch_and_write.WRITE_TRANS) 1330001.0 ps : Sent to scoreboard!
-------------------------------------------------------
NAME                               VALUE
-------------------------------------------------------
XIL_AXI4STREAM_TRANSACTION
  SIGNAL_SET                     0b00000011
  PAYLOAD                        4
    Byte[  0]:                   data: 00 
    Byte[  1]:                   data: 00 
    Byte[  2]:                   data: 80 
    Byte[  3]:                   data: c1 
-------------------------------------------------------
INFO: [Slave VIP_driver] (axi4stream_vip_pkg.axi4stream_slv_driver(C_XIL_AXI4STREAM_SIGNAL_SET=8'b011011,C_XIL_AXI4STREAM_DEST_WIDTH=0,C_XIL_AXI4STREAM_DATA_WIDTH=32,C_XIL_AXI4STREAM_ID_WIDTH=0,C_XIL_AXI4STREAM_HAS_ARESETN=1)::ready_policy_generation.READY_POLICY_GENERATION) 1470001.0 ps : get_low_time   0
INFO: [Slave VIP_monitor] (axi4stream_vip_pkg.axi4stream_monitor(C_XIL_AXI4STREAM_SIGNAL_SET=8'b011011,C_XIL_AXI4STREAM_DEST_WIDTH=0,C_XIL_AXI4STREAM_DATA_WIDTH=32,C_XIL_AXI4STREAM_ID_WIDTH=0,C_XIL_AXI4STREAM_HAS_ARESETN=1)::watch_and_write.WRITE_TRANS) 1470001.0 ps : Sent to scoreboard!
-------------------------------------------------------
NAME                               VALUE
-------------------------------------------------------
XIL_AXI4STREAM_TRANSACTION
  SIGNAL_SET                     0b00011011
  LAST                           0x0
  PAYLOAD                        4
    Byte[  0]:                   data: 60  keep: 1 
    Byte[  1]:                   data: 35  keep: 1 
    Byte[  2]:                   data: 76  keep: 1 
    Byte[  3]:                   data: bf  keep: 1 
-------------------------------------------------------
Read Data: bf763560
Writing Data: c0800000 (-4.0000)
INFO: [Master VIP_driver] (axi4stream_vip_pkg.axi4stream_mst_driver(C_XIL_AXI4STREAM_DEST_WIDTH=0,C_XIL_AXI4STREAM_DATA_WIDTH=32,C_XIL_AXI4STREAM_ID_WIDTH=0,C_XIL_AXI4STREAM_HAS_ARESETN=1)::get_and_drive.GET_AND_DRIVE.DRIVER_PUT_TRANSACTION) 1610001.0 ps : Put transaction:
INFO: [Master VIP_driver] (axi4stream_vip_pkg.axi4stream_mst_driver(C_XIL_AXI4STREAM_DEST_WIDTH=0,C_XIL_AXI4STREAM_DATA_WIDTH=32,C_XIL_AXI4STREAM_ID_WIDTH=0,C_XIL_AXI4STREAM_HAS_ARESETN=1)::get_and_drive.GET_AND_DRIVE.DRIVER_PUT_TRANSACTION) 1610001.0 ps : -------------------------------------------------------
NAME                               VALUE
-------------------------------------------------------
XIL_AXI4STREAM_TRANSACTION
  SIGNAL_SET                     0b00000011
  PAYLOAD                        4
    Byte[  0]:                   data: 00 
    Byte[  1]:                   data: 00 
    Byte[  2]:                   data: 80 
    Byte[  3]:                   data: c0 
-------------------------------------------------------
INFO: [Master VIP_driver] (axi4stream_vip_pkg.axi4stream_mst_driver(C_XIL_AXI4STREAM_DEST_WIDTH=0,C_XIL_AXI4STREAM_DATA_WIDTH=32,C_XIL_AXI4STREAM_ID_WIDTH=0,C_XIL_AXI4STREAM_HAS_ARESETN=1)::get_and_drive.GET_AND_DRIVE) 1630000.0 ps : Backpressure detected:   1 cycles
INFO: [Master VIP_monitor] (axi4stream_vip_pkg.axi4stream_monitor(C_XIL_AXI4STREAM_DEST_WIDTH=0,C_XIL_AXI4STREAM_DATA_WIDTH=32,C_XIL_AXI4STREAM_ID_WIDTH=0,C_XIL_AXI4STREAM_HAS_ARESETN=1)::watch_and_write.WRITE_TRANS) 1630001.0 ps : Sent to scoreboard!
-------------------------------------------------------
NAME                               VALUE
-------------------------------------------------------
XIL_AXI4STREAM_TRANSACTION
  SIGNAL_SET                     0b00000011
  PAYLOAD                        4
    Byte[  0]:                   data: 00 
    Byte[  1]:                   data: 00 
    Byte[  2]:                   data: 80 
    Byte[  3]:                   data: c0 
-------------------------------------------------------
INFO: [Slave VIP_monitor] (axi4stream_vip_pkg.axi4stream_monitor(C_XIL_AXI4STREAM_SIGNAL_SET=8'b011011,C_XIL_AXI4STREAM_DEST_WIDTH=0,C_XIL_AXI4STREAM_DATA_WIDTH=32,C_XIL_AXI4STREAM_ID_WIDTH=0,C_XIL_AXI4STREAM_HAS_ARESETN=1)::watch_and_write.WRITE_TRANS) 1770001.0 ps : Sent to scoreboard!
-------------------------------------------------------
NAME                               VALUE
-------------------------------------------------------
XIL_AXI4STREAM_TRANSACTION
  SIGNAL_SET                     0b00011011
  LAST                           0x0
  PAYLOAD                        4
    Byte[  0]:                   data: 60  keep: 1 
    Byte[  1]:                   data: 35  keep: 1 
    Byte[  2]:                   data: 76  keep: 1 
    Byte[  3]:                   data: bf  keep: 1 
-------------------------------------------------------
INFO: [Slave VIP_driver] (axi4stream_vip_pkg.axi4stream_slv_driver(C_XIL_AXI4STREAM_SIGNAL_SET=8'b011011,C_XIL_AXI4STREAM_DEST_WIDTH=0,C_XIL_AXI4STREAM_DATA_WIDTH=32,C_XIL_AXI4STREAM_ID_WIDTH=0,C_XIL_AXI4STREAM_HAS_ARESETN=1)::ready_policy_generation.READY_POLICY_GENERATION) 1770001.0 ps : get_low_time   0
Read Data: bf763560
Writing Data: c0066666 (-2.1000)
INFO: [Master VIP_driver] (axi4stream_vip_pkg.axi4stream_mst_driver(C_XIL_AXI4STREAM_DEST_WIDTH=0,C_XIL_AXI4STREAM_DATA_WIDTH=32,C_XIL_AXI4STREAM_ID_WIDTH=0,C_XIL_AXI4STREAM_HAS_ARESETN=1)::get_and_drive.GET_AND_DRIVE.DRIVER_PUT_TRANSACTION) 1890001.0 ps : Put transaction:
INFO: [Master VIP_driver] (axi4stream_vip_pkg.axi4stream_mst_driver(C_XIL_AXI4STREAM_DEST_WIDTH=0,C_XIL_AXI4STREAM_DATA_WIDTH=32,C_XIL_AXI4STREAM_ID_WIDTH=0,C_XIL_AXI4STREAM_HAS_ARESETN=1)::get_and_drive.GET_AND_DRIVE.DRIVER_PUT_TRANSACTION) 1890001.0 ps : -------------------------------------------------------
NAME                               VALUE
-------------------------------------------------------
XIL_AXI4STREAM_TRANSACTION
  SIGNAL_SET                     0b00000011
  PAYLOAD                        4
    Byte[  0]:                   data: 66 
    Byte[  1]:                   data: 66 
    Byte[  2]:                   data: 06 
    Byte[  3]:                   data: c0 
-------------------------------------------------------
INFO: [Master VIP_driver] (axi4stream_vip_pkg.axi4stream_mst_driver(C_XIL_AXI4STREAM_DEST_WIDTH=0,C_XIL_AXI4STREAM_DATA_WIDTH=32,C_XIL_AXI4STREAM_ID_WIDTH=0,C_XIL_AXI4STREAM_HAS_ARESETN=1)::get_and_drive.GET_AND_DRIVE) 1910000.0 ps : Backpressure detected:   1 cycles
INFO: [Master VIP_monitor] (axi4stream_vip_pkg.axi4stream_monitor(C_XIL_AXI4STREAM_DEST_WIDTH=0,C_XIL_AXI4STREAM_DATA_WIDTH=32,C_XIL_AXI4STREAM_ID_WIDTH=0,C_XIL_AXI4STREAM_HAS_ARESETN=1)::watch_and_write.WRITE_TRANS) 1910001.0 ps : Sent to scoreboard!
-------------------------------------------------------
NAME                               VALUE
-------------------------------------------------------
XIL_AXI4STREAM_TRANSACTION
  SIGNAL_SET                     0b00000011
  PAYLOAD                        4
    Byte[  0]:                   data: 66 
    Byte[  1]:                   data: 66 
    Byte[  2]:                   data: 06 
    Byte[  3]:                   data: c0 
-------------------------------------------------------
INFO: [Slave VIP_monitor] (axi4stream_vip_pkg.axi4stream_monitor(C_XIL_AXI4STREAM_SIGNAL_SET=8'b011011,C_XIL_AXI4STREAM_DEST_WIDTH=0,C_XIL_AXI4STREAM_DATA_WIDTH=32,C_XIL_AXI4STREAM_ID_WIDTH=0,C_XIL_AXI4STREAM_HAS_ARESETN=1)::watch_and_write.WRITE_TRANS) 2050001.0 ps : Sent to scoreboard!
-------------------------------------------------------
NAME                               VALUE
-------------------------------------------------------
XIL_AXI4STREAM_TRANSACTION
  SIGNAL_SET                     0b00011011
  LAST                           0x0
  PAYLOAD                        4
    Byte[  0]:                   data: 60  keep: 1 
    Byte[  1]:                   data: 35  keep: 1 
    Byte[  2]:                   data: 76  keep: 1 
    Byte[  3]:                   data: bf  keep: 1 
-------------------------------------------------------
INFO: [Slave VIP_driver] (axi4stream_vip_pkg.axi4stream_slv_driver(C_XIL_AXI4STREAM_SIGNAL_SET=8'b011011,C_XIL_AXI4STREAM_DEST_WIDTH=0,C_XIL_AXI4STREAM_DATA_WIDTH=32,C_XIL_AXI4STREAM_ID_WIDTH=0,C_XIL_AXI4STREAM_HAS_ARESETN=1)::ready_policy_generation.READY_POLICY_GENERATION) 2050001.0 ps : get_low_time   0
Read Data: bf763560
Writing Data: bf99999a (-1.2000)
INFO: [Master VIP_driver] (axi4stream_vip_pkg.axi4stream_mst_driver(C_XIL_AXI4STREAM_DEST_WIDTH=0,C_XIL_AXI4STREAM_DATA_WIDTH=32,C_XIL_AXI4STREAM_ID_WIDTH=0,C_XIL_AXI4STREAM_HAS_ARESETN=1)::get_and_drive.GET_AND_DRIVE.DRIVER_PUT_TRANSACTION) 2350001.0 ps : Put transaction:
INFO: [Master VIP_driver] (axi4stream_vip_pkg.axi4stream_mst_driver(C_XIL_AXI4STREAM_DEST_WIDTH=0,C_XIL_AXI4STREAM_DATA_WIDTH=32,C_XIL_AXI4STREAM_ID_WIDTH=0,C_XIL_AXI4STREAM_HAS_ARESETN=1)::get_and_drive.GET_AND_DRIVE.DRIVER_PUT_TRANSACTION) 2350001.0 ps : -------------------------------------------------------
NAME                               VALUE
-------------------------------------------------------
XIL_AXI4STREAM_TRANSACTION
  SIGNAL_SET                     0b00000011
  PAYLOAD                        4
    Byte[  0]:                   data: 9a 
    Byte[  1]:                   data: 99 
    Byte[  2]:                   data: 99 
    Byte[  3]:                   data: bf 
-------------------------------------------------------
INFO: [Master VIP_driver] (axi4stream_vip_pkg.axi4stream_mst_driver(C_XIL_AXI4STREAM_DEST_WIDTH=0,C_XIL_AXI4STREAM_DATA_WIDTH=32,C_XIL_AXI4STREAM_ID_WIDTH=0,C_XIL_AXI4STREAM_HAS_ARESETN=1)::get_and_drive.GET_AND_DRIVE) 2370000.0 ps : Backpressure detected:   1 cycles
INFO: [Master VIP_monitor] (axi4stream_vip_pkg.axi4stream_monitor(C_XIL_AXI4STREAM_DEST_WIDTH=0,C_XIL_AXI4STREAM_DATA_WIDTH=32,C_XIL_AXI4STREAM_ID_WIDTH=0,C_XIL_AXI4STREAM_HAS_ARESETN=1)::watch_and_write.WRITE_TRANS) 2370001.0 ps : Sent to scoreboard!
-------------------------------------------------------
NAME                               VALUE
-------------------------------------------------------
XIL_AXI4STREAM_TRANSACTION
  SIGNAL_SET                     0b00000011
  PAYLOAD                        4
    Byte[  0]:                   data: 9a 
    Byte[  1]:                   data: 99 
    Byte[  2]:                   data: 99 
    Byte[  3]:                   data: bf 
-------------------------------------------------------
INFO: [Slave VIP_driver] (axi4stream_vip_pkg.axi4stream_slv_driver(C_XIL_AXI4STREAM_SIGNAL_SET=8'b011011,C_XIL_AXI4STREAM_DEST_WIDTH=0,C_XIL_AXI4STREAM_DATA_WIDTH=32,C_XIL_AXI4STREAM_ID_WIDTH=0,C_XIL_AXI4STREAM_HAS_ARESETN=1)::ready_policy_generation.READY_POLICY_GENERATION) 2510001.0 ps : get_low_time   0
INFO: [Slave VIP_monitor] (axi4stream_vip_pkg.axi4stream_monitor(C_XIL_AXI4STREAM_SIGNAL_SET=8'b011011,C_XIL_AXI4STREAM_DEST_WIDTH=0,C_XIL_AXI4STREAM_DATA_WIDTH=32,C_XIL_AXI4STREAM_ID_WIDTH=0,C_XIL_AXI4STREAM_HAS_ARESETN=1)::watch_and_write.WRITE_TRANS) 2510001.0 ps : Sent to scoreboard!
-------------------------------------------------------
NAME                               VALUE
-------------------------------------------------------
XIL_AXI4STREAM_TRANSACTION
  SIGNAL_SET                     0b00011011
  LAST                           0x0
  PAYLOAD                        4
    Byte[  0]:                   data: 63  keep: 1 
    Byte[  1]:                   data: db  keep: 1 
    Byte[  2]:                   data: 56  keep: 1 
    Byte[  3]:                   data: bf  keep: 1 
-------------------------------------------------------
Read Data: bf56db63
Writing Data: 00000000 (0.0000)
INFO: [Master VIP_driver] (axi4stream_vip_pkg.axi4stream_mst_driver(C_XIL_AXI4STREAM_DEST_WIDTH=0,C_XIL_AXI4STREAM_DATA_WIDTH=32,C_XIL_AXI4STREAM_ID_WIDTH=0,C_XIL_AXI4STREAM_HAS_ARESETN=1)::get_and_drive.GET_AND_DRIVE.DRIVER_PUT_TRANSACTION) 2910001.0 ps : Put transaction:
INFO: [Master VIP_driver] (axi4stream_vip_pkg.axi4stream_mst_driver(C_XIL_AXI4STREAM_DEST_WIDTH=0,C_XIL_AXI4STREAM_DATA_WIDTH=32,C_XIL_AXI4STREAM_ID_WIDTH=0,C_XIL_AXI4STREAM_HAS_ARESETN=1)::get_and_drive.GET_AND_DRIVE.DRIVER_PUT_TRANSACTION) 2910001.0 ps : -------------------------------------------------------
NAME                               VALUE
-------------------------------------------------------
XIL_AXI4STREAM_TRANSACTION
  SIGNAL_SET                     0b00000011
  PAYLOAD                        4
    Byte[  0]:                   data: 00 
    Byte[  1]:                   data: 00 
    Byte[  2]:                   data: 00 
    Byte[  3]:                   data: 00 
-------------------------------------------------------
INFO: [Master VIP_driver] (axi4stream_vip_pkg.axi4stream_mst_driver(C_XIL_AXI4STREAM_DEST_WIDTH=0,C_XIL_AXI4STREAM_DATA_WIDTH=32,C_XIL_AXI4STREAM_ID_WIDTH=0,C_XIL_AXI4STREAM_HAS_ARESETN=1)::get_and_drive.GET_AND_DRIVE) 2930000.0 ps : Backpressure detected:   1 cycles
INFO: [Master VIP_monitor] (axi4stream_vip_pkg.axi4stream_monitor(C_XIL_AXI4STREAM_DEST_WIDTH=0,C_XIL_AXI4STREAM_DATA_WIDTH=32,C_XIL_AXI4STREAM_ID_WIDTH=0,C_XIL_AXI4STREAM_HAS_ARESETN=1)::watch_and_write.WRITE_TRANS) 2930001.0 ps : Sent to scoreboard!
-------------------------------------------------------
NAME                               VALUE
-------------------------------------------------------
XIL_AXI4STREAM_TRANSACTION
  SIGNAL_SET                     0b00000011
  PAYLOAD                        4
    Byte[  0]:                   data: 00 
    Byte[  1]:                   data: 00 
    Byte[  2]:                   data: 00 
    Byte[  3]:                   data: 00 
-------------------------------------------------------
INFO: [Slave VIP_driver] (axi4stream_vip_pkg.axi4stream_slv_driver(C_XIL_AXI4STREAM_SIGNAL_SET=8'b011011,C_XIL_AXI4STREAM_DEST_WIDTH=0,C_XIL_AXI4STREAM_DATA_WIDTH=32,C_XIL_AXI4STREAM_ID_WIDTH=0,C_XIL_AXI4STREAM_HAS_ARESETN=1)::ready_policy_generation.READY_POLICY_GENERATION) 3070001.0 ps : get_low_time   0
INFO: [Slave VIP_monitor] (axi4stream_vip_pkg.axi4stream_monitor(C_XIL_AXI4STREAM_SIGNAL_SET=8'b011011,C_XIL_AXI4STREAM_DEST_WIDTH=0,C_XIL_AXI4STREAM_DATA_WIDTH=32,C_XIL_AXI4STREAM_ID_WIDTH=0,C_XIL_AXI4STREAM_HAS_ARESETN=1)::watch_and_write.WRITE_TRANS) 3070001.0 ps : Sent to scoreboard!
-------------------------------------------------------
NAME                               VALUE
-------------------------------------------------------
XIL_AXI4STREAM_TRANSACTION
  SIGNAL_SET                     0b00011011
  LAST                           0x0
  PAYLOAD                        4
    Byte[  0]:                   data: ad  keep: 1 
    Byte[  1]:                   data: ea  keep: 1 
    Byte[  2]:                   data: ff  keep: 1 
    Byte[  3]:                   data: bc  keep: 1 
-------------------------------------------------------
Read Data: bcffeaad
Writing Data: 3f99999a (1.2000)
INFO: [Master VIP_driver] (axi4stream_vip_pkg.axi4stream_mst_driver(C_XIL_AXI4STREAM_DEST_WIDTH=0,C_XIL_AXI4STREAM_DATA_WIDTH=32,C_XIL_AXI4STREAM_ID_WIDTH=0,C_XIL_AXI4STREAM_HAS_ARESETN=1)::get_and_drive.GET_AND_DRIVE.DRIVER_PUT_TRANSACTION) 3310001.0 ps : Put transaction:
INFO: [Master VIP_driver] (axi4stream_vip_pkg.axi4stream_mst_driver(C_XIL_AXI4STREAM_DEST_WIDTH=0,C_XIL_AXI4STREAM_DATA_WIDTH=32,C_XIL_AXI4STREAM_ID_WIDTH=0,C_XIL_AXI4STREAM_HAS_ARESETN=1)::get_and_drive.GET_AND_DRIVE.DRIVER_PUT_TRANSACTION) 3310001.0 ps : -------------------------------------------------------
NAME                               VALUE
-------------------------------------------------------
XIL_AXI4STREAM_TRANSACTION
  SIGNAL_SET                     0b00000011
  PAYLOAD                        4
    Byte[  0]:                   data: 9a 
    Byte[  1]:                   data: 99 
    Byte[  2]:                   data: 99 
    Byte[  3]:                   data: 3f 
-------------------------------------------------------
INFO: [Master VIP_driver] (axi4stream_vip_pkg.axi4stream_mst_driver(C_XIL_AXI4STREAM_DEST_WIDTH=0,C_XIL_AXI4STREAM_DATA_WIDTH=32,C_XIL_AXI4STREAM_ID_WIDTH=0,C_XIL_AXI4STREAM_HAS_ARESETN=1)::get_and_drive.GET_AND_DRIVE) 3330000.0 ps : Backpressure detected:   1 cycles
INFO: [Master VIP_monitor] (axi4stream_vip_pkg.axi4stream_monitor(C_XIL_AXI4STREAM_DEST_WIDTH=0,C_XIL_AXI4STREAM_DATA_WIDTH=32,C_XIL_AXI4STREAM_ID_WIDTH=0,C_XIL_AXI4STREAM_HAS_ARESETN=1)::watch_and_write.WRITE_TRANS) 3330001.0 ps : Sent to scoreboard!
-------------------------------------------------------
NAME                               VALUE
-------------------------------------------------------
XIL_AXI4STREAM_TRANSACTION
  SIGNAL_SET                     0b00000011
  PAYLOAD                        4
    Byte[  0]:                   data: 9a 
    Byte[  1]:                   data: 99 
    Byte[  2]:                   data: 99 
    Byte[  3]:                   data: 3f 
-------------------------------------------------------
INFO: [Slave VIP_driver] (axi4stream_vip_pkg.axi4stream_slv_driver(C_XIL_AXI4STREAM_SIGNAL_SET=8'b011011,C_XIL_AXI4STREAM_DEST_WIDTH=0,C_XIL_AXI4STREAM_DATA_WIDTH=32,C_XIL_AXI4STREAM_ID_WIDTH=0,C_XIL_AXI4STREAM_HAS_ARESETN=1)::ready_policy_generation.READY_POLICY_GENERATION) 3470001.0 ps : get_low_time   0
INFO: [Slave VIP_monitor] (axi4stream_vip_pkg.axi4stream_monitor(C_XIL_AXI4STREAM_SIGNAL_SET=8'b011011,C_XIL_AXI4STREAM_DEST_WIDTH=0,C_XIL_AXI4STREAM_DATA_WIDTH=32,C_XIL_AXI4STREAM_ID_WIDTH=0,C_XIL_AXI4STREAM_HAS_ARESETN=1)::watch_and_write.WRITE_TRANS) 3470001.0 ps : Sent to scoreboard!
-------------------------------------------------------
NAME                               VALUE
-------------------------------------------------------
XIL_AXI4STREAM_TRANSACTION
  SIGNAL_SET                     0b00011011
  LAST                           0x0
  PAYLOAD                        4
    Byte[  0]:                   data: 55  keep: 1 
    Byte[  1]:                   data: df  keep: 1 
    Byte[  2]:                   data: 51  keep: 1 
    Byte[  3]:                   data: 3f  keep: 1 
-------------------------------------------------------
Read Data: 3f51df55
Writing Data: 40800000 (4.0000)
INFO: [Master VIP_driver] (axi4stream_vip_pkg.axi4stream_mst_driver(C_XIL_AXI4STREAM_DEST_WIDTH=0,C_XIL_AXI4STREAM_DATA_WIDTH=32,C_XIL_AXI4STREAM_ID_WIDTH=0,C_XIL_AXI4STREAM_HAS_ARESETN=1)::get_and_drive.GET_AND_DRIVE.DRIVER_PUT_TRANSACTION) 3830001.0 ps : Put transaction:
INFO: [Master VIP_driver] (axi4stream_vip_pkg.axi4stream_mst_driver(C_XIL_AXI4STREAM_DEST_WIDTH=0,C_XIL_AXI4STREAM_DATA_WIDTH=32,C_XIL_AXI4STREAM_ID_WIDTH=0,C_XIL_AXI4STREAM_HAS_ARESETN=1)::get_and_drive.GET_AND_DRIVE.DRIVER_PUT_TRANSACTION) 3830001.0 ps : -------------------------------------------------------
NAME                               VALUE
-------------------------------------------------------
XIL_AXI4STREAM_TRANSACTION
  SIGNAL_SET                     0b00000011
  PAYLOAD                        4
    Byte[  0]:                   data: 00 
    Byte[  1]:                   data: 00 
    Byte[  2]:                   data: 80 
    Byte[  3]:                   data: 40 
-------------------------------------------------------
INFO: [Master VIP_driver] (axi4stream_vip_pkg.axi4stream_mst_driver(C_XIL_AXI4STREAM_DEST_WIDTH=0,C_XIL_AXI4STREAM_DATA_WIDTH=32,C_XIL_AXI4STREAM_ID_WIDTH=0,C_XIL_AXI4STREAM_HAS_ARESETN=1)::get_and_drive.GET_AND_DRIVE) 3850000.0 ps : Backpressure detected:   1 cycles
INFO: [Master VIP_monitor] (axi4stream_vip_pkg.axi4stream_monitor(C_XIL_AXI4STREAM_DEST_WIDTH=0,C_XIL_AXI4STREAM_DATA_WIDTH=32,C_XIL_AXI4STREAM_ID_WIDTH=0,C_XIL_AXI4STREAM_HAS_ARESETN=1)::watch_and_write.WRITE_TRANS) 3850001.0 ps : Sent to scoreboard!
-------------------------------------------------------
NAME                               VALUE
-------------------------------------------------------
XIL_AXI4STREAM_TRANSACTION
  SIGNAL_SET                     0b00000011
  PAYLOAD                        4
    Byte[  0]:                   data: 00 
    Byte[  1]:                   data: 00 
    Byte[  2]:                   data: 80 
    Byte[  3]:                   data: 40 
-------------------------------------------------------
INFO: [Slave VIP_driver] (axi4stream_vip_pkg.axi4stream_slv_driver(C_XIL_AXI4STREAM_SIGNAL_SET=8'b011011,C_XIL_AXI4STREAM_DEST_WIDTH=0,C_XIL_AXI4STREAM_DATA_WIDTH=32,C_XIL_AXI4STREAM_ID_WIDTH=0,C_XIL_AXI4STREAM_HAS_ARESETN=1)::ready_policy_generation.READY_POLICY_GENERATION) 3990001.0 ps : get_low_time   0
INFO: [Slave VIP_monitor] (axi4stream_vip_pkg.axi4stream_monitor(C_XIL_AXI4STREAM_SIGNAL_SET=8'b011011,C_XIL_AXI4STREAM_DEST_WIDTH=0,C_XIL_AXI4STREAM_DATA_WIDTH=32,C_XIL_AXI4STREAM_ID_WIDTH=0,C_XIL_AXI4STREAM_HAS_ARESETN=1)::watch_and_write.WRITE_TRANS) 3990001.0 ps : Sent to scoreboard!
-------------------------------------------------------
NAME                               VALUE
-------------------------------------------------------
XIL_AXI4STREAM_TRANSACTION
  SIGNAL_SET                     0b00011011
  LAST                           0x0
  PAYLOAD                        4
    Byte[  0]:                   data: 60  keep: 1 
    Byte[  1]:                   data: 35  keep: 1 
    Byte[  2]:                   data: 76  keep: 1 
    Byte[  3]:                   data: 3f  keep: 1 
-------------------------------------------------------
Read Data: 3f763560
Writing Data: 4203fefa (32.9990)
INFO: [Master VIP_driver] (axi4stream_vip_pkg.axi4stream_mst_driver(C_XIL_AXI4STREAM_DEST_WIDTH=0,C_XIL_AXI4STREAM_DATA_WIDTH=32,C_XIL_AXI4STREAM_ID_WIDTH=0,C_XIL_AXI4STREAM_HAS_ARESETN=1)::get_and_drive.GET_AND_DRIVE.DRIVER_PUT_TRANSACTION) 4150001.0 ps : Put transaction:
INFO: [Master VIP_driver] (axi4stream_vip_pkg.axi4stream_mst_driver(C_XIL_AXI4STREAM_DEST_WIDTH=0,C_XIL_AXI4STREAM_DATA_WIDTH=32,C_XIL_AXI4STREAM_ID_WIDTH=0,C_XIL_AXI4STREAM_HAS_ARESETN=1)::get_and_drive.GET_AND_DRIVE.DRIVER_PUT_TRANSACTION) 4150001.0 ps : -------------------------------------------------------
NAME                               VALUE
-------------------------------------------------------
XIL_AXI4STREAM_TRANSACTION
  SIGNAL_SET                     0b00000011
  PAYLOAD                        4
    Byte[  0]:                   data: fa 
    Byte[  1]:                   data: fe 
    Byte[  2]:                   data: 03 
    Byte[  3]:                   data: 42 
-------------------------------------------------------
INFO: [Master VIP_driver] (axi4stream_vip_pkg.axi4stream_mst_driver(C_XIL_AXI4STREAM_DEST_WIDTH=0,C_XIL_AXI4STREAM_DATA_WIDTH=32,C_XIL_AXI4STREAM_ID_WIDTH=0,C_XIL_AXI4STREAM_HAS_ARESETN=1)::get_and_drive.GET_AND_DRIVE) 4170000.0 ps : Backpressure detected:   1 cycles
INFO: [Master VIP_monitor] (axi4stream_vip_pkg.axi4stream_monitor(C_XIL_AXI4STREAM_DEST_WIDTH=0,C_XIL_AXI4STREAM_DATA_WIDTH=32,C_XIL_AXI4STREAM_ID_WIDTH=0,C_XIL_AXI4STREAM_HAS_ARESETN=1)::watch_and_write.WRITE_TRANS) 4170001.0 ps : Sent to scoreboard!
-------------------------------------------------------
NAME                               VALUE
-------------------------------------------------------
XIL_AXI4STREAM_TRANSACTION
  SIGNAL_SET                     0b00000011
  PAYLOAD                        4
    Byte[  0]:                   data: fa 
    Byte[  1]:                   data: fe 
    Byte[  2]:                   data: 03 
    Byte[  3]:                   data: 42 
-------------------------------------------------------
INFO: [Slave VIP_driver] (axi4stream_vip_pkg.axi4stream_slv_driver(C_XIL_AXI4STREAM_SIGNAL_SET=8'b011011,C_XIL_AXI4STREAM_DEST_WIDTH=0,C_XIL_AXI4STREAM_DATA_WIDTH=32,C_XIL_AXI4STREAM_ID_WIDTH=0,C_XIL_AXI4STREAM_HAS_ARESETN=1)::ready_policy_generation.READY_POLICY_GENERATION) 4310001.0 ps : get_low_time   0
INFO: [Slave VIP_monitor] (axi4stream_vip_pkg.axi4stream_monitor(C_XIL_AXI4STREAM_SIGNAL_SET=8'b011011,C_XIL_AXI4STREAM_DEST_WIDTH=0,C_XIL_AXI4STREAM_DATA_WIDTH=32,C_XIL_AXI4STREAM_ID_WIDTH=0,C_XIL_AXI4STREAM_HAS_ARESETN=1)::watch_and_write.WRITE_TRANS) 4310001.0 ps : Sent to scoreboard!
-------------------------------------------------------
NAME                               VALUE
-------------------------------------------------------
XIL_AXI4STREAM_TRANSACTION
  SIGNAL_SET                     0b00011011
  LAST                           0x0
  PAYLOAD                        4
    Byte[  0]:                   data: 60  keep: 1 
    Byte[  1]:                   data: 35  keep: 1 
    Byte[  2]:                   data: 76  keep: 1 
    Byte[  3]:                   data: 3f  keep: 1 
-------------------------------------------------------
Read Data: 3f763560
@@@Passed
$finish called at time : 4310001 ps : File "/home/lukefahr/e315/project_x/project_x.srcs/sim_axis_tanh/new/tb_axis_tanh.sv" Line 288
